# JRE version: OpenJDK Runtime Environment (8.0_333-b02) (build 1.8.0_333-b02)
# Java VM: OpenJDK 64-Bit Server VM (25.333-b02 mixed mode windows-amd64 compressed oops)
Heap:
 PSYoungGen      total 1012224K, used 264492K [0x0000000716d80000, 0x0000000759f80000, 0x00000007c0000000)
  eden space 951296K, 21% used [0x0000000716d80000,0x00000007234b10d0,0x0000000750e80000)
  from space 60928K, 99% used [0x0000000756400000,0x0000000759f1a2f8,0x0000000759f80000)
  to   space 71168K, 0% used [0x0000000751480000,0x0000000751480000,0x0000000755a00000)
 ParOldGen       total 419840K, used 90625K [0x00000005c4800000, 0x00000005de200000, 0x0000000716d80000)
  object space 419840K, 21% used [0x00000005c4800000,0x00000005ca080408,0x00000005de200000)
 Metaspace       used 53014K, capacity 53721K, committed 54272K, reserved 1095680K
  class space    used 6858K, capacity 7044K, committed 7168K, reserved 1048576K
GC Heap History (10 events):
Event: 3.873 GC heap before
{Heap before GC invocations=8 (full 1):
 PSYoungGen      total 558080K, used 129815K [0x0000000716d80000, 0x000000073ef80000, 0x00000007c0000000)
  eden space 504832K, 15% used [0x0000000716d80000,0x000000071bb8a448,0x0000000735a80000)
  from space 53248K, 93% used [0x0000000739400000,0x000000073c4bb9e8,0x000000073c800000)
  to   space 58880K, 0% used [0x0000000735a80000,0x0000000735a80000,0x0000000739400000)
 ParOldGen       total 234496K, used 85308K [0x00000005c4800000, 0x00000005d2d00000, 0x0000000716d80000)
  object space 234496K, 36% used [0x00000005c4800000,0x00000005c9b4f040,0x00000005d2d00000)
 Metaspace       used 34693K, capacity 35172K, committed 35496K, reserved 1079296K
  class space    used 4726K, capacity 4843K, committed 4864K, reserved 1048576K
Event: 3.887 GC heap after
Heap after GC invocations=8 (full 1):
 PSYoungGen      total 563712K, used 41150K [0x0000000716d80000, 0x000000074ca00000, 0x00000007c0000000)
  eden space 504832K, 0% used [0x0000000716d80000,0x0000000716d80000,0x0000000735a80000)
  from space 58880K, 69% used [0x0000000735a80000,0x00000007382af978,0x0000000739400000)
  to   space 58368K, 0% used [0x0000000749100000,0x0000000749100000,0x000000074ca00000)
 ParOldGen       total 234496K, used 85316K [0x00000005c4800000, 0x00000005d2d00000, 0x0000000716d80000)
  object space 234496K, 36% used [0x00000005c4800000,0x00000005c9b51040,0x00000005d2d00000)
 Metaspace       used 34693K, capacity 35172K, committed 35496K, reserved 1079296K
  class space    used 4726K, capacity 4843K, committed 4864K, reserved 1048576K
}
Event: 3.887 GC heap before
{Heap before GC invocations=9 (full 2):
 PSYoungGen      total 563712K, used 41150K [0x0000000716d80000, 0x000000074ca00000, 0x00000007c0000000)
  eden space 504832K, 0% used [0x0000000716d80000,0x0000000716d80000,0x0000000735a80000)
  from space 58880K, 69% used [0x0000000735a80000,0x00000007382af978,0x0000000739400000)
  to   space 58368K, 0% used [0x0000000749100000,0x0000000749100000,0x000000074ca00000)
 ParOldGen       total 234496K, used 85316K [0x00000005c4800000, 0x00000005d2d00000, 0x0000000716d80000)
  object space 234496K, 36% used [0x00000005c4800000,0x00000005c9b51040,0x00000005d2d00000)
 Metaspace       used 34693K, capacity 35172K, committed 35496K, reserved 1079296K
  class space    used 4726K, capacity 4843K, committed 4864K, reserved 1048576K
Event: 3.968 GC heap after
Heap after GC invocations=9 (full 2):
 PSYoungGen      total 563712K, used 0K [0x0000000716d80000, 0x000000074ca00000, 0x00000007c0000000)
  eden space 504832K, 0% used [0x0000000716d80000,0x0000000716d80000,0x0000000735a80000)
  from space 58880K, 0% used [0x0000000735a80000,0x0000000735a80000,0x0000000739400000)
  to   space 58368K, 0% used [0x0000000749100000,0x0000000749100000,0x000000074ca00000)
 ParOldGen       total 419840K, used 90593K [0x00000005c4800000, 0x00000005de200000, 0x0000000716d80000)
  object space 419840K, 21% used [0x00000005c4800000,0x00000005ca078408,0x00000005de200000)
 Metaspace       used 34693K, capacity 35172K, committed 35496K, reserved 1079296K
  class space    used 4726K, capacity 4843K, committed 4864K, reserved 1048576K
}
Event: 5.556 GC heap before
{Heap before GC invocations=10 (full 2):
 PSYoungGen      total 563712K, used 504832K [0x0000000716d80000, 0x000000074ca00000, 0x00000007c0000000)
  eden space 504832K, 100% used [0x0000000716d80000,0x0000000735a80000,0x0000000735a80000)
  from space 58880K, 0% used [0x0000000735a80000,0x0000000735a80000,0x0000000739400000)
  to   space 58368K, 0% used [0x0000000749100000,0x0000000749100000,0x000000074ca00000)
 ParOldGen       total 419840K, used 90593K [0x00000005c4800000, 0x00000005de200000, 0x0000000716d80000)
  object space 419840K, 21% used [0x00000005c4800000,0x00000005ca078408,0x00000005de200000)
 Metaspace       used 40361K, capacity 40945K, committed 41472K, reserved 1085440K
  class space    used 5337K, capacity 5522K, committed 5632K, reserved 1048576K
Event: 5.587 GC heap after
Heap after GC invocations=10 (full 2):
 PSYoungGen      total 819200K, used 52130K [0x0000000716d80000, 0x000000074ce80000, 0x00000007c0000000)
  eden space 760832K, 0% used [0x0000000716d80000,0x0000000716d80000,0x0000000745480000)
  from space 58368K, 89% used [0x0000000749100000,0x000000074c3e88c0,0x000000074ca00000)
  to   space 61952K, 0% used [0x0000000745480000,0x0000000745480000,0x0000000749100000)
 ParOldGen       total 419840K, used 90601K [0x00000005c4800000, 0x00000005de200000, 0x0000000716d80000)
  object space 419840K, 21% used [0x00000005c4800000,0x00000005ca07a408,0x00000005de200000)
 Metaspace       used 40361K, capacity 40945K, committed 41472K, reserved 1085440K
  class space    used 5337K, capacity 5522K, committed 5632K, reserved 1048576K
}
Event: 7.553 GC heap before
{Heap before GC invocations=11 (full 2):
 PSYoungGen      total 819200K, used 812962K [0x0000000716d80000, 0x000000074ce80000, 0x00000007c0000000)
  eden space 760832K, 100% used [0x0000000716d80000,0x0000000745480000,0x0000000745480000)
  from space 58368K, 89% used [0x0000000749100000,0x000000074c3e88c0,0x000000074ca00000)
  to   space 61952K, 0% used [0x0000000745480000,0x0000000745480000,0x0000000749100000)
 ParOldGen       total 419840K, used 90601K [0x00000005c4800000, 0x00000005de200000, 0x0000000716d80000)
  object space 419840K, 21% used [0x00000005c4800000,0x00000005ca07a408,0x00000005de200000)
 Metaspace       used 49973K, capacity 50721K, committed 51328K, reserved 1093632K
  class space    used 6519K, capacity 6736K, committed 6784K, reserved 1048576K
Event: 7.579 GC heap after
Heap after GC invocations=11 (full 2):
 PSYoungGen      total 822784K, used 55704K [0x0000000716d80000, 0x000000075a480000, 0x00000007c0000000)
  eden space 760832K, 0% used [0x0000000716d80000,0x0000000716d80000,0x0000000745480000)
  from space 61952K, 89% used [0x0000000745480000,0x0000000748ae6248,0x0000000749100000)
  to   space 66048K, 0% used [0x0000000756400000,0x0000000756400000,0x000000075a480000)
 ParOldGen       total 419840K, used 90609K [0x00000005c4800000, 0x00000005de200000, 0x0000000716d80000)
  object space 419840K, 21% used [0x00000005c4800000,0x00000005ca07c408,0x00000005de200000)
 Metaspace       used 49973K, capacity 50721K, committed 51328K, reserved 1093632K
  class space    used 6519K, capacity 6736K, committed 6784K, reserved 1048576K
}
Event: 10.453 GC heap before
{Heap before GC invocations=12 (full 2):
 PSYoungGen      total 822784K, used 816536K [0x0000000716d80000, 0x000000075a480000, 0x00000007c0000000)
  eden space 760832K, 100% used [0x0000000716d80000,0x0000000745480000,0x0000000745480000)
  from space 61952K, 89% used [0x0000000745480000,0x0000000748ae6248,0x0000000749100000)
  to   space 66048K, 0% used [0x0000000756400000,0x0000000756400000,0x000000075a480000)
 ParOldGen       total 419840K, used 90609K [0x00000005c4800000, 0x00000005de200000, 0x0000000716d80000)
  object space 419840K, 21% used [0x00000005c4800000,0x00000005ca07c408,0x00000005de200000)
 Metaspace       used 51770K, capacity 52535K, committed 52992K, reserved 1095680K
  class space    used 6678K, capacity 6907K, committed 6912K, reserved 1048576K
Event: 10.481 GC heap after
Heap after GC invocations=12 (full 2):
 PSYoungGen      total 1012224K, used 60520K [0x0000000716d80000, 0x0000000759f80000, 0x00000007c0000000)
  eden space 951296K, 0% used [0x0000000716d80000,0x0000000716d80000,0x0000000750e80000)
  from space 60928K, 99% used [0x0000000756400000,0x0000000759f1a2f8,0x0000000759f80000)
  to   space 71168K, 0% used [0x0000000751480000,0x0000000751480000,0x0000000755a00000)
 ParOldGen       total 419840K, used 90625K [0x00000005c4800000, 0x00000005de200000, 0x0000000716d80000)
  object space 419840K, 21% used [0x00000005c4800000,0x00000005ca080408,0x00000005de200000)
 Metaspace       used 51770K, capacity 52535K, committed 52992K, reserved 1095680K
  class space    used 6678K, capacity 6907K, committed 6912K, reserved 1048576K
}

