# JRE version: OpenJDK Runtime Environment (8.0_333-b02) (build 1.8.0_333-b02)
# Java VM: OpenJDK 64-Bit Server VM (25.333-b02 mixed mode windows-amd64 compressed oops)
Heap:
 PSYoungGen      total 1113088K, used 99125K [0x0000000716d80000, 0x0000000760580000, 0x00000007c0000000)
  eden space 1047552K, 3% used [0x0000000716d80000,0x0000000718e53ed8,0x0000000756c80000)
  from space 65536K, 99% used [0x000000075b800000,0x000000075f7f9620,0x000000075f800000)
  to   space 77312K, 0% used [0x0000000756c80000,0x0000000756c80000,0x000000075b800000)
 ParOldGen       total 414720K, used 104796K [0x00000005c4800000, 0x00000005ddd00000, 0x0000000716d80000)
  object space 414720K, 25% used [0x00000005c4800000,0x00000005cae57158,0x00000005ddd00000)
 Metaspace       used 52999K, capacity 53727K, committed 54272K, reserved 1095680K
  class space    used 6861K, capacity 7045K, committed 7168K, reserved 1048576K
GC Heap History (10 events):
Event: 3.972 GC heap before
{Heap before GC invocations=8 (full 1):
 PSYoungGen      total 602112K, used 105774K [0x0000000716d80000, 0x000000073fb00000, 0x00000007c0000000)
  eden space 548864K, 12% used [0x0000000716d80000,0x000000071add3b50,0x0000000738580000)
  from space 53248K, 74% used [0x000000073ba00000,0x000000073e0f7f40,0x000000073ee00000)
  to   space 53760K, 0% used [0x0000000738580000,0x0000000738580000,0x000000073ba00000)
 ParOldGen       total 231936K, used 85688K [0x00000005c4800000, 0x00000005d2a80000, 0x0000000716d80000)
  object space 231936K, 36% used [0x00000005c4800000,0x00000005c9bae128,0x00000005d2a80000)
 Metaspace       used 34712K, capacity 35154K, committed 35456K, reserved 1079296K
  class space    used 4736K, capacity 4882K, committed 4992K, reserved 1048576K
Event: 3.986 GC heap after
Heap after GC invocations=8 (full 1):
 PSYoungGen      total 602624K, used 40837K [0x0000000716d80000, 0x0000000751380000, 0x00000007c0000000)
  eden space 548864K, 0% used [0x0000000716d80000,0x0000000716d80000,0x0000000738580000)
  from space 53760K, 75% used [0x0000000738580000,0x000000073ad61700,0x000000073ba00000)
  to   space 53760K, 0% used [0x000000074df00000,0x000000074df00000,0x0000000751380000)
 ParOldGen       total 231936K, used 85696K [0x00000005c4800000, 0x00000005d2a80000, 0x0000000716d80000)
  object space 231936K, 36% used [0x00000005c4800000,0x00000005c9bb0128,0x00000005d2a80000)
 Metaspace       used 34712K, capacity 35154K, committed 35456K, reserved 1079296K
  class space    used 4736K, capacity 4882K, committed 4992K, reserved 1048576K
}
Event: 3.986 GC heap before
{Heap before GC invocations=9 (full 2):
 PSYoungGen      total 602624K, used 40837K [0x0000000716d80000, 0x0000000751380000, 0x00000007c0000000)
  eden space 548864K, 0% used [0x0000000716d80000,0x0000000716d80000,0x0000000738580000)
  from space 53760K, 75% used [0x0000000738580000,0x000000073ad61700,0x000000073ba00000)
  to   space 53760K, 0% used [0x000000074df00000,0x000000074df00000,0x0000000751380000)
 ParOldGen       total 231936K, used 85696K [0x00000005c4800000, 0x00000005d2a80000, 0x0000000716d80000)
  object space 231936K, 36% used [0x00000005c4800000,0x00000005c9bb0128,0x00000005d2a80000)
 Metaspace       used 34712K, capacity 35154K, committed 35456K, reserved 1079296K
  class space    used 4736K, capacity 4882K, committed 4992K, reserved 1048576K
Event: 4.073 GC heap after
Heap after GC invocations=9 (full 2):
 PSYoungGen      total 602624K, used 0K [0x0000000716d80000, 0x0000000751380000, 0x00000007c0000000)
  eden space 548864K, 0% used [0x0000000716d80000,0x0000000716d80000,0x0000000738580000)
  from space 53760K, 0% used [0x0000000738580000,0x0000000738580000,0x000000073ba00000)
  to   space 53760K, 0% used [0x000000074df00000,0x000000074df00000,0x0000000751380000)
 ParOldGen       total 414720K, used 90578K [0x00000005c4800000, 0x00000005ddd00000, 0x0000000716d80000)
  object space 414720K, 21% used [0x00000005c4800000,0x00000005ca074bc8,0x00000005ddd00000)
 Metaspace       used 34712K, capacity 35154K, committed 35456K, reserved 1079296K
  class space    used 4736K, capacity 4882K, committed 4992K, reserved 1048576K
}
Event: 5.777 GC heap before
{Heap before GC invocations=10 (full 2):
 PSYoungGen      total 602624K, used 548864K [0x0000000716d80000, 0x0000000751380000, 0x00000007c0000000)
  eden space 548864K, 100% used [0x0000000716d80000,0x0000000738580000,0x0000000738580000)
  from space 53760K, 0% used [0x0000000738580000,0x0000000738580000,0x000000073ba00000)
  to   space 53760K, 0% used [0x000000074df00000,0x000000074df00000,0x0000000751380000)
 ParOldGen       total 414720K, used 90578K [0x00000005c4800000, 0x00000005ddd00000, 0x0000000716d80000)
  object space 414720K, 21% used [0x00000005c4800000,0x00000005ca074bc8,0x00000005ddd00000)
 Metaspace       used 41289K, capacity 41877K, committed 42240K, reserved 1085440K
  class space    used 5447K, capacity 5618K, committed 5632K, reserved 1048576K
Event: 5.801 GC heap after
Heap after GC invocations=10 (full 2):
 PSYoungGen      total 882688K, used 53728K [0x0000000716d80000, 0x0000000751380000, 0x00000007c0000000)
  eden space 828928K, 0% used [0x0000000716d80000,0x0000000716d80000,0x0000000749700000)
  from space 53760K, 99% used [0x000000074df00000,0x0000000751378340,0x0000000751380000)
  to   space 59392K, 0% used [0x0000000749f80000,0x0000000749f80000,0x000000074d980000)
 ParOldGen       total 414720K, used 90749K [0x00000005c4800000, 0x00000005ddd00000, 0x0000000716d80000)
  object space 414720K, 21% used [0x00000005c4800000,0x00000005ca09f498,0x00000005ddd00000)
 Metaspace       used 41289K, capacity 41877K, committed 42240K, reserved 1085440K
  class space    used 5447K, capacity 5618K, committed 5632K, reserved 1048576K
}
Event: 7.988 GC heap before
{Heap before GC invocations=11 (full 2):
 PSYoungGen      total 882688K, used 882656K [0x0000000716d80000, 0x0000000751380000, 0x00000007c0000000)
  eden space 828928K, 100% used [0x0000000716d80000,0x0000000749700000,0x0000000749700000)
  from space 53760K, 99% used [0x000000074df00000,0x0000000751378340,0x0000000751380000)
  to   space 59392K, 0% used [0x0000000749f80000,0x0000000749f80000,0x000000074d980000)
 ParOldGen       total 414720K, used 90749K [0x00000005c4800000, 0x00000005ddd00000, 0x0000000716d80000)
  object space 414720K, 21% used [0x00000005c4800000,0x00000005ca09f498,0x00000005ddd00000)
 Metaspace       used 50040K, capacity 50725K, committed 51072K, reserved 1093632K
  class space    used 6521K, capacity 6736K, committed 6784K, reserved 1048576K
Event: 8.011 GC heap after
Heap after GC invocations=11 (full 2):
 PSYoungGen      total 897024K, used 58177K [0x0000000716d80000, 0x000000075f800000, 0x00000007c0000000)
  eden space 837632K, 0% used [0x0000000716d80000,0x0000000716d80000,0x0000000749f80000)
  from space 59392K, 97% used [0x0000000749f80000,0x000000074d850478,0x000000074d980000)
  to   space 65536K, 0% used [0x000000075b800000,0x000000075b800000,0x000000075f800000)
 ParOldGen       total 414720K, used 90765K [0x00000005c4800000, 0x00000005ddd00000, 0x0000000716d80000)
  object space 414720K, 21% used [0x00000005c4800000,0x00000005ca0a3498,0x00000005ddd00000)
 Metaspace       used 50040K, capacity 50725K, committed 51072K, reserved 1093632K
  class space    used 6521K, capacity 6736K, committed 6784K, reserved 1048576K
}
Event: 10.698 GC heap before
{Heap before GC invocations=12 (full 2):
 PSYoungGen      total 897024K, used 895809K [0x0000000716d80000, 0x000000075f800000, 0x00000007c0000000)
  eden space 837632K, 100% used [0x0000000716d80000,0x0000000749f80000,0x0000000749f80000)
  from space 59392K, 97% used [0x0000000749f80000,0x000000074d850478,0x000000074d980000)
  to   space 65536K, 0% used [0x000000075b800000,0x000000075b800000,0x000000075f800000)
 ParOldGen       total 414720K, used 90765K [0x00000005c4800000, 0x00000005ddd00000, 0x0000000716d80000)
  object space 414720K, 21% used [0x00000005c4800000,0x00000005ca0a3498,0x00000005ddd00000)
 Metaspace       used 52993K, capacity 53721K, committed 54272K, reserved 1095680K
  class space    used 6860K, capacity 7044K, committed 7168K, reserved 1048576K
Event: 10.727 GC heap after
Heap after GC invocations=12 (full 2):
 PSYoungGen      total 1113088K, used 65509K [0x0000000716d80000, 0x0000000760580000, 0x00000007c0000000)
  eden space 1047552K, 0% used [0x0000000716d80000,0x0000000716d80000,0x0000000756c80000)
  from space 65536K, 99% used [0x000000075b800000,0x000000075f7f9620,0x000000075f800000)
  to   space 77312K, 0% used [0x0000000756c80000,0x0000000756c80000,0x000000075b800000)
 ParOldGen       total 414720K, used 104796K [0x00000005c4800000, 0x00000005ddd00000, 0x0000000716d80000)
  object space 414720K, 25% used [0x00000005c4800000,0x00000005cae57158,0x00000005ddd00000)
 Metaspace       used 52993K, capacity 53721K, committed 54272K, reserved 1095680K
  class space    used 6860K, capacity 7044K, committed 7168K, reserved 1048576K
}

